ProGuard, version 6.0.3
ProGuard is released under the GNU General Public License. You therefore
must ensure that programs that link to it (a, com.a4455jkjh.d, ...)
carry the GNU General Public License as well. Alternatively, you can
apply for an exception with the author of ProGuard.
Reading input...
Reading program directory [/storage/emulated/0/AppProjects/Keyboard/app/build/bin/classesrelease_proguard]
Reading library jar [/data/data/com.aide.ui.crustacean/no_backup/.aide/android.jar]
Initializing...
Ignoring unused library classes...
  Original number of library classes: 5412
  Final number of library classes:    288
Printing kept classes, fields, and methods...
Shrinking...
Printing usage to [/storage/emulated/0/AppProjects/Keyboard/app/build/bin/proguard.usage.txt]...
Removing unused program classes and class elements...
  Original number of program classes: 16
  Final number of program classes:    5
Obfuscating...
Printing mapping to [/storage/emulated/0/AppProjects/Keyboard/app/build/bin/proguard.mapping.txt]...
Writing output...
Preparing output directory [/storage/emulated/0/AppProjects/Keyboard/app/build/bin/proguard]
  Copying resources from program directory [/storage/emulated/0/AppProjects/Keyboard/app/build/bin/classesrelease_proguard]
